Arguments: 
  C:\Program Files\nodejs\node.exe C:\Program Files (x86)\Yarn\bin\yarn.js add react-native-beep-sounds

PATH: 
  C:\Users\sohai\bin;C:\Program Files\Git\mingw64\bin;C:\Program Files\Git\usr\local\bin;C:\Program Files\Git\usr\bin;C:\Program Files\Git\usr\bin;C:\Program Files\Git\mingw64\bin;C:\Program Files\Git\usr\bin;C:\Users\sohai\bin;C:\Program Files (x86)\Common Files\Oracle\Java\javapath;C:\Program Files\ImageMagick-7.0.10-Q16-HDRI;C:\Python27;C:\Python27\Scripts;C:\Windows\system32;C:\Windows;C:\Windows\System32\Wbem;C:\Windows\System32\WindowsPowerShell\v1.0;C:\Windows\System32\OpenSSH;C:\Program Files\Java\jdk-11.0.1\bin;C:\src\flutter\bin;C:\Program Files\PostgreSQL\11\bin;C:\composer;C:\Program Files\nodejs;C:\ProgramData\chocolatey\bin;C:\Program Files\Git\cmd;C:\Users\sohai\AppData\Local\Android\Sdk\platform-tools;C:\Gradle\gradle-6.0.1\bin;C:\Users\sohai\AppData\Local\Programs\Python\Python38;C:\Users\sohai\AppData\Local\Microsoft\WindowsApps;C:\Users\sohai\AppData\Local\Programs\Microsoft VS Code\bin;C:\Users\sohai\AppData\Roaming\Composer\vendor\bin;C:\Users\sohai\AppData\Roaming\npm;C:\Program Files\JetBrains\PhpStorm 2019.3.1\bin;C:\Users\sohai\AppData\Local\Yarn;C:\Apache24\bin;C:\php73\php.exe;C:\php73;C:\Program Files\PuTTY;C:\Program Files (x86)\Yarn\bin;C:\Windows\System32\OpenSSH;C:\Program Files\WinGPG\x64;C:\Users\sohai\AppData\Local\Programs\Python\Python38;C:\Users\sohai\AppData\Local\Microsoft\WindowsApps;C:\Users\sohai\AppData\Local\Programs\Microsoft VS Code\bin;C:\Program Files\Java\jdk-11.0.1\bin;C:\src\flutter\bin;C:\Program Files\PostgreSQL\11\bin;C:\Users\sohai\AppData\Roaming\Composer\vendor\bin;C:\xamp\php;C:\Users\sohai\AppData\Roaming\npm;C:\Program Files\JetBrains\PhpStorm 2019.3.1\bin;C:\Users\sohai\AppData\Local\Android\Sdk\platform-tools;C:\Users\sohai\AppData\Local\Android\Sdk\tools;C:\Gradle\gradle-6.0.1\bin;C:\Apache24\bin;C:\php73\php.exe;C:\php73;C:\Users\sohai\AppData\Local\Yarn\bin;C:\Program Files\WinGPG\x64;C:\Program Files\Git\usr\bin\vendor_perl;C:\Program Files\Git\usr\bin\core_perl

Yarn version: 
  1.22.5

Node version: 
  12.13.1

Platform: 
  win32 x64

Trace: 
  Error: https://registry.yarnpkg.com/react-native-beep-sounds: Not found
      at Request.params.callback [as _callback] (C:\Program Files (x86)\Yarn\lib\cli.js:66097:18)
      at Request.self.callback (C:\Program Files (x86)\Yarn\lib\cli.js:140749:22)
      at Request.emit (events.js:210:5)
      at Request.<anonymous> (C:\Program Files (x86)\Yarn\lib\cli.js:141721:10)
      at Request.emit (events.js:210:5)
      at IncomingMessage.<anonymous> (C:\Program Files (x86)\Yarn\lib\cli.js:141643:12)
      at Object.onceWrapper (events.js:299:28)
      at IncomingMessage.emit (events.js:215:7)
      at endReadableNT (_stream_readable.js:1184:12)
      at processTicksAndRejections (internal/process/task_queues.js:80:21)

npm manifest: 
  {
    "name": "@ktb214/react-native-beep-sounds",
    "version": "0.0.2",
    "description": "A very lite module to play system sounds and beep for react-native apps (no sound files)",
    "main": "index.js",
    "scripts": {
      "test": "echo \"Error: no test specified\" && exit 1"
    },
    "keywords": [
      "react-native",
      "system sounds"
    ],
    "author": "Triet Ho",
    "license": "UNLICENSED",
    "peerDependencies": {
      "react-native": "0.63.2"
    },
    "repository": {
      "type": "git",
      "url": "git+https://github.com/SohaibKtb/react-native-beep-sounds.git"
    },
    "bugs": {
      "url": "https://github.com/SohaibKtb/react-native-beep-sounds/issues"
    },
    "homepage": "https://github.com/SohaibKtb/react-native-beep-sounds#readme",
    "dependencies": {},
    "devDependencies": {}
  }

yarn manifest: 
  No manifest

Lockfile: 
  # THIS IS AN AUTOGENERATED FILE. DO NOT EDIT THIS FILE DIRECTLY.
  # yarn lockfile v1
